application/android/.build/outputs/logs/manifest-merger-debug-report.txt
-- Merging decision tree log ---
manifest
ADDED from controller/android/AndroidManifest.xml:2:1-124:12
	package
		ADDED from controller/android/AndroidManifest.xml:2:70-98
	android:versionName
		ADDED from controller/android/AndroidManifest.xml:2:154-179
		INJECTED from controller/android/AndroidManifest.xml
		INJECTED from controller/android/AndroidManifest.xml
	android:versionCode
		ADDED from controller/android/AndroidManifest.xml:2:130-153
		INJECTED from controller/android/AndroidManifest.xml
		INJECTED from controller/android/AndroidManifest.xml
	xmlns:android
		ADDED from controller/android/AndroidManifest.xml:2:11-69
	android:installLocation
		ADDED from controller/android/AndroidManifest.xml:2:99-129
uses-sdk
ADDED from controller/android/AndroidManifest.xml:4:5-73
MERGED from [com.facebook.android:facebook-android-sdk:4.0.0] AndroidManifest.xml:24:5-26:41
MERGED from [com.android.support:support-v4:21.0.3] AndroidManifest.xml:15:5-42
	android:targetSdkVersion
		ADDED from controller/android/AndroidManifest.xml:4:42-71
	android:minSdkVersion
		ADDED from controller/android/AndroidManifest.xml:4:15-41
supports-screens
ADDED from controller/android/AndroidManifest.xml:6:5-135
	android:largeScreens
		ADDED from controller/android/AndroidManifest.xml:6:49-76
	android:smallScreens
		ADDED from controller/android/AndroidManifest.xml:6:106-133
	android:normalScreens
		ADDED from controller/android/AndroidManifest.xml:6:77-105
	android:anyDensity
		ADDED from controller/android/AndroidManifest.xml:6:23-48
uses-permission#android.permission.CAMERA
ADDED from controller/android/AndroidManifest.xml:8:5-64
	android:name
		ADDED from controller/android/AndroidManifest.xml:8:22-62
uses-permission#android.permission.BLUETOOTH_ADMIN
ADDED from controller/android/AndroidManifest.xml:9:5-73
	android:name
		ADDED from controller/android/AndroidManifest.xml:9:22-71
uses-permission#android.permission.BLUETOOTH
ADDED from controller/android/AndroidManifest.xml:10:5-67
	android:name
		ADDED from controller/android/AndroidManifest.xml:10:22-65
uses-permission#android.permission.VIBRATE
ADDED from controller/android/AndroidManifest.xml:11:5-65
	android:name
		ADDED from controller/android/AndroidManifest.xml:11:22-63
uses-permission#android.permission.WRITE_EXTERNAL_STORAGE
ADDED from controller/android/AndroidManifest.xml:12:5-80
	android:name
		ADDED from controller/android/AndroidManifest.xml:12:22-78
uses-permission#android.permission.READ_EXTERNAL_STORAGE
ADDED from controller/android/AndroidManifest.xml:13:5-79
	android:name
		ADDED from controller/android/AndroidManifest.xml:13:22-77
uses-permission#android.permission.INTERNET
ADDED from controller/android/AndroidManifest.xml:14:5-66
	android:name
		ADDED from controller/android/AndroidManifest.xml:14:22-64
uses-permission#android.permission.ACCESS_NETWORK_STATE
ADDED from controller/android/AndroidManifest.xml:15:5-78
	android:name
		ADDED from controller/android/AndroidManifest.xml:15:22-76
uses-permission#android.permission.GET_ACCOUNTS
ADDED from controller/android/AndroidManifest.xml:18:5-70
	android:name
		ADDED from controller/android/AndroidManifest.xml:18:22-68
uses-permission#android.permission.READ_PROFILE
ADDED from controller/android/AndroidManifest.xml:19:5-70
	android:name
		ADDED from controller/android/AndroidManifest.xml:19:22-68
uses-permission#android.permission.READ_CONTACTS
ADDED from controller/android/AndroidManifest.xml:20:5-71
	android:name
		ADDED from controller/android/AndroidManifest.xml:20:22-69
uses-permission#android.permission.ACCESS_COARSE_LOCATION
ADDED from controller/android/AndroidManifest.xml:31:5-80
	android:name
		ADDED from controller/android/AndroidManifest.xml:31:22-78
uses-permission#android.permission.RECORD_AUDIO
ADDED from controller/android/AndroidManifest.xml:33:5-70
	android:name
		ADDED from controller/android/AndroidManifest.xml:33:22-68
uses-feature#android.hardware.camera
ADDED from controller/android/AndroidManifest.xml:46:5-84
	android:required
		ADDED from controller/android/AndroidManifest.xml:46:58-82
	android:name
		ADDED from controller/android/AndroidManifest.xml:46:19-57
uses-feature#android.hardware.camera.autofocus
ADDED from controller/android/AndroidManifest.xml:47:5-94
	android:required
		ADDED from controller/android/AndroidManifest.xml:47:68-92
	android:name
		ADDED from controller/android/AndroidManifest.xml:47:19-67
uses-feature#android.hardware.microphone
ADDED from controller/android/AndroidManifest.xml:48:5-88
	android:required
		ADDED from controller/android/AndroidManifest.xml:48:62-86
	android:name
		ADDED from controller/android/AndroidManifest.xml:48:19-61
uses-feature#0x00020000
ADDED from controller/android/AndroidManifest.xml:49:5-77
	android:glEsVersion
		ADDED from controller/android/AndroidManifest.xml:49:19-51
	android:required
		ADDED from controller/android/AndroidManifest.xml:49:52-75
uses-permission#android.permission.READ_PHONE_STATE
ADDED from controller/android/AndroidManifest.xml:51:5-74
	android:name
		ADDED from controller/android/AndroidManifest.xml:51:22-72
application
ADDED from controller/android/AndroidManifest.xml:53:5-122:19
MERGED from [com.facebook.android:facebook-android-sdk:4.0.0] AndroidManifest.xml:28:5-20
MERGED from [com.android.support:support-v4:21.0.3] AndroidManifest.xml:16:5-19
	android:label
		ADDED from controller/android/AndroidManifest.xml:53:147-188
	android:hardwareAccelerated
		ADDED from controller/android/AndroidManifest.xml:53:82-116
	android:icon
		ADDED from controller/android/AndroidManifest.xml:53:117-146
	android:name
		ADDED from controller/android/AndroidManifest.xml:53:18-81
activity#org.qtproject.lamp.MainActivity
ADDED from controller/android/AndroidManifest.xml:54:9-117:20
	android:screenOrientation
		ADDED from controller/android/AndroidManifest.xml:54:275-314
	android:label
		ADDED from controller/android/AndroidManifest.xml:54:202-243
	android:launchMode
		ADDED from controller/android/AndroidManifest.xml:54:244-274
	android:configChanges
		ADDED from controller/android/AndroidManifest.xml:54:48-201
	android:name
		ADDED from controller/android/AndroidManifest.xml:54:19-47
intent-filter#android.intent.action.MAIN+android.intent.category.LAUNCHER
ADDED from controller/android/AndroidManifest.xml:55:13-58:29
action#android.intent.action.MAIN
ADDED from controller/android/AndroidManifest.xml:56:17-68
	android:name
		ADDED from controller/android/AndroidManifest.xml:56:25-66
category#android.intent.category.LAUNCHER
ADDED from controller/android/AndroidManifest.xml:57:17-76
	android:name
		ADDED from controller/android/AndroidManifest.xml:57:27-74
meta-data#android.app.lib_name
ADDED from controller/android/AndroidManifest.xml:64:13-107
	android:value
		ADDED from controller/android/AndroidManifest.xml:64:60-105
	android:name
		ADDED from controller/android/AndroidManifest.xml:64:24-59
meta-data#android.app.qt_sources_resource_id
ADDED from controller/android/AndroidManifest.xml:65:13-112
	android:resource
		ADDED from controller/android/AndroidManifest.xml:65:74-110
	android:name
		ADDED from controller/android/AndroidManifest.xml:65:24-73
meta-data#android.app.repository
ADDED from controller/android/AndroidManifest.xml:66:13-87
	android:value
		ADDED from controller/android/AndroidManifest.xml:66:62-85
	android:name
		ADDED from controller/android/AndroidManifest.xml:66:24-61
meta-data#android.app.qt_libs_resource_id
ADDED from controller/android/AndroidManifest.xml:67:13-106
	android:resource
		ADDED from controller/android/AndroidManifest.xml:67:71-104
	android:name
		ADDED from controller/android/AndroidManifest.xml:67:24-70
meta-data#android.app.bundled_libs_resource_id
ADDED from controller/android/AndroidManifest.xml:68:13-116
	android:resource
		ADDED from controller/android/AndroidManifest.xml:68:76-114
	android:name
		ADDED from controller/android/AndroidManifest.xml:68:24-75
meta-data#android.app.bundle_local_qt_libs
ADDED from controller/android/AndroidManifest.xml:70:13-120
	android:value
		ADDED from controller/android/AndroidManifest.xml:70:72-118
	android:name
		ADDED from controller/android/AndroidManifest.xml:70:24-71
meta-data#android.app.bundled_in_lib_resource_id
ADDED from controller/android/AndroidManifest.xml:71:13-120
	android:resource
		ADDED from controller/android/AndroidManifest.xml:71:78-118
	android:name
		ADDED from controller/android/AndroidManifest.xml:71:24-77
meta-data#android.app.bundled_in_assets_resource_id
ADDED from controller/android/AndroidManifest.xml:72:13-126
	android:resource
		ADDED from controller/android/AndroidManifest.xml:72:81-124
	android:name
		ADDED from controller/android/AndroidManifest.xml:72:24-80
meta-data#android.app.use_local_qt_libs
ADDED from controller/android/AndroidManifest.xml:74:13-114
	android:value
		ADDED from controller/android/AndroidManifest.xml:74:69-112
	android:name
		ADDED from controller/android/AndroidManifest.xml:74:24-68
meta-data#android.app.libs_prefix
ADDED from controller/android/AndroidManifest.xml:75:13-100
	android:value
		ADDED from controller/android/AndroidManifest.xml:75:63-98
	android:name
		ADDED from controller/android/AndroidManifest.xml:75:24-62
meta-data#android.app.load_local_libs
ADDED from controller/android/AndroidManifest.xml:76:13-112
	android:value
		ADDED from controller/android/AndroidManifest.xml:76:67-110
	android:name
		ADDED from controller/android/AndroidManifest.xml:76:24-66
meta-data#android.app.load_local_jars
ADDED from controller/android/AndroidManifest.xml:77:13-112
	android:value
		ADDED from controller/android/AndroidManifest.xml:77:67-110
	android:name
		ADDED from controller/android/AndroidManifest.xml:77:24-66
meta-data#android.app.static_init_classes
ADDED from controller/android/AndroidManifest.xml:78:13-118
	android:value
		ADDED from controller/android/AndroidManifest.xml:78:71-116
	android:name
		ADDED from controller/android/AndroidManifest.xml:78:24-70
meta-data#android.app.ministro_not_found_msg
ADDED from controller/android/AndroidManifest.xml:80:13-122
	android:value
		ADDED from controller/android/AndroidManifest.xml:80:74-120
	android:name
		ADDED from controller/android/AndroidManifest.xml:80:24-73
meta-data#android.app.ministro_needed_msg
ADDED from controller/android/AndroidManifest.xml:81:13-116
	android:value
		ADDED from controller/android/AndroidManifest.xml:81:71-114
	android:name
		ADDED from controller/android/AndroidManifest.xml:81:24-70
meta-data#android.app.fatal_error_msg
ADDED from controller/android/AndroidManifest.xml:82:13-108
	android:value
		ADDED from controller/android/AndroidManifest.xml:82:67-106
	android:name
		ADDED from controller/android/AndroidManifest.xml:82:24-66
meta-data#android.app.background_running
ADDED from controller/android/AndroidManifest.xml:99:13-93
	android:value
		ADDED from controller/android/AndroidManifest.xml:99:70-91
	android:name
		ADDED from controller/android/AndroidManifest.xml:99:24-69
meta-data#android.app.auto_screen_scale_factor
ADDED from controller/android/AndroidManifest.xml:104:13-99
	android:value
		ADDED from controller/android/AndroidManifest.xml:104:76-97
	android:name
		ADDED from controller/android/AndroidManifest.xml:104:24-75
meta-data#android.app.extract_android_style
ADDED from controller/android/AndroidManifest.xml:115:13-95
	android:value
		ADDED from controller/android/AndroidManifest.xml:115:73-93
	android:name
		ADDED from controller/android/AndroidManifest.xml:115:24-72
service#org.qtproject.lamp.AdvertiserService
ADDED from controller/android/AndroidManifest.xml:121:9-100
	android:enabled
		ADDED from controller/android/AndroidManifest.xml:121:52-74
	android:exported
		ADDED from controller/android/AndroidManifest.xml:121:75-98
	android:name
		ADDED from controller/android/AndroidManifest.xml:121:18-51